1720275217012:help
1720275223700:random-joke
1720275481265:clear
1720275483752:clr
1720275490263:clear
1720275494024:exit
1720275577968:help
1720275589495:random-joke-response
1720275619752:random-joke
1720275631052:clear
1720275936311:help
1720275945322:random-joke-response
1720276058280:help
1720276068035:random-joke-response
1720276111066:help
1720276119608:random-joke-response
1720276177377:help
1720276186528:random-joke-response
1720276214465:random-joke
1720284247902:help
1720284250748:clear
1720285023710:help
1720285040965:clear
1720285046253:quit
1720355103275:help
1720355108908:random-joke
1720355117862:clear
1720355131904:random-joke-response
1720355394517:help
1720355403031:random-joke
1720355420280:random-joke-response
1720356348946:help
1720356353585:random-joke
1720359011746:help
1720359016258:random-joke
1720359200845:help
1720359209201:random-joke
1720359270886:help
1720359282076:random-joke-response
